nohup: ignoring input
Forwarding from 127.0.0.1:3000 -> 3000
Forwarding from [::1]:3000 -> 3000
Handling connection for 3000
Handling connection for 3000
Handling connection for 3000
Handling connection for 3000
Handling connection for 3000
Handling connection for 3000
Handling connection for 3000
Handling connection for 3000
Handling connection for 3000
Handling connection for 3000
Handling connection for 3000
Handling connection for 3000
Handling connection for 3000
Handling connection for 3000
Handling connection for 3000
Handling connection for 3000
Handling connection for 3000
Handling connection for 3000
Handling connection for 3000
Handling connection for 3000
Handling connection for 3000
Handling connection for 3000
Handling connection for 3000
Handling connection for 3000
Handling connection for 3000
Handling connection for 3000
Handling connection for 3000
Handling connection for 3000
Handling connection for 3000
Handling connection for 3000
Handling connection for 3000
Handling connection for 3000
Handling connection for 3000
Handling connection for 3000
Handling connection for 3000
Handling connection for 3000
Handling connection for 3000
Handling connection for 3000
Handling connection for 3000
Handling connection for 3000
Handling connection for 3000
Handling connection for 3000
Handling connection for 3000
Handling connection for 3000
Handling connection for 3000
Handling connection for 3000
Handling connection for 3000
Handling connection for 3000
Handling connection for 3000
Handling connection for 3000
Handling connection for 3000
Handling connection for 3000
Handling connection for 3000
Handling connection for 3000
Handling connection for 3000
Handling connection for 3000
Handling connection for 3000
Handling connection for 3000
Handling connection for 3000
Handling connection for 3000
Handling connection for 3000
Handling connection for 3000
E0409 19:29:23.756956  788120 portforward.go:424] "Unhandled Error" err="an error occurred forwarding 3000 -> 3000: error forwarding port 3000 to pod af770577696c696a04a4672ed349f835cd27d41c074774c82b9b182b9fca436f, uid : container not running (af770577696c696a04a4672ed349f835cd27d41c074774c82b9b182b9fca436f)"
error: lost connection to pod
